[ 2014-05-16T22:20:08+08:00 ] 0.0.0.0 /lms/index.php/Index/login
INFO: [ app_begin ] --START--
INFO: ReadHtmlCache Behavior ::run [ RunTime:0.003000s ]
INFO: [ app_begin ] --END-- [ RunTime:0.003000s ]
NOTIC: [2] mysql_connect(): Access denied for user 'root'@'localhost' (using password: NO) E:\xampp\htdocs\Lms\ThinkPHP\Lib\Driver\Db\DbMysql.class.php 第 55 行.
ERR: Access denied for user 'root'@'localhost' (using password: NO)

[ 2014-05-16T22:20:12+08:00 ] 0.0.0.0 /lms/index.php/Home/select_user
INFO: [ app_begin ] --START--
INFO: ReadHtmlCache Behavior ::run [ RunTime:0.002000s ]
INFO: [ app_begin ] --END-- [ RunTime:0.002000s ]
NOTIC: [2] mysql_connect(): Access denied for user 'root'@'localhost' (using password: NO) E:\xampp\htdocs\Lms\ThinkPHP\Lib\Driver\Db\DbMysql.class.php 第 55 行.
ERR: Access denied for user 'root'@'localhost' (using password: NO)

[ 2014-05-16T22:21:17+08:00 ] 0.0.0.0 /lms/index.php/Index/login
INFO: [ app_begin ] --START--
INFO: ReadHtmlCache Behavior ::run [ RunTime:0.002000s ]
INFO: [ app_begin ] --END-- [ RunTime:0.002000s ]
NOTIC: [2] mysql_connect(): Access denied for user 'root'@'localhost' (using password: NO) E:\xampp\htdocs\Lms\ThinkPHP\Lib\Driver\Db\DbMysql.class.php 第 55 行.
ERR: Access denied for user 'root'@'localhost' (using password: NO)

[ 2014-05-16T22:21:21+08:00 ] 0.0.0.0 /lms/index.php/Home/select_user
INFO: [ app_begin ] --START--
INFO: ReadHtmlCache Behavior ::run [ RunTime:0.001000s ]
INFO: [ app_begin ] --END-- [ RunTime:0.002000s ]
NOTIC: [2] mysql_connect(): Access denied for user 'root'@'localhost' (using password: NO) E:\xampp\htdocs\Lms\ThinkPHP\Lib\Driver\Db\DbMysql.class.php 第 55 行.
ERR: Access denied for user 'root'@'localhost' (using password: NO)

