[ 2014-03-31T12:41:55+08:00 ] 0.0.0.0 /Lms/index.php/Home/select_user
INFO: [ app_begin ] --START--
INFO: ReadHtmlCache Behavior ::run [ RunTime:0.001000s ]
INFO: [ app_begin ] --END-- [ RunTime:0.001000s ]
SQL: SHOW COLUMNS FROM `user` [ RunTime:0.007000s ]
SQL: SELECT * FROM `user` WHERE ( `username` = '2011081156' )  [ RunTime:0.001000s ]

[ 2014-03-31T12:42:17+08:00 ] 0.0.0.0 /Lms/index.php/Viewimp/day
INFO: [ app_begin ] --START--
INFO: ReadHtmlCache Behavior ::run [ RunTime:0.002000s ]
INFO: [ app_begin ] --END-- [ RunTime:0.002000s ]
SQL: SHOW COLUMNS FROM `file` [ RunTime:0.006000s ]
SQL: SELECT COUNT(*) AS tp_count FROM `file` LEFT JOIN user on file.fid=user.id WHERE ( `filetime` > 1395636137 ) ORDER BY file.id desc LIMIT 1   [ RunTime:0.000000s ]
SQL: SELECT user.id as uid,user.name,file.filetime,file.filename,user.username,file.impression,file.id,file.number FROM `file` LEFT JOIN user on file.fid=user.id WHERE ( `filetime` > 1395636137 ) ORDER BY file.id desc LIMIT 0,8   [ RunTime:0.001000s ]
SQL: SHOW COLUMNS FROM `comment` [ RunTime:0.005000s ]
SQL: SELECT `content`,`name` FROM `comment` WHERE ( 1=1 AND cid='12' )  [ RunTime:0.001001s ]
SQL: SELECT `content`,`name` FROM `comment` WHERE ( 1=1 AND cid='11' )  [ RunTime:0.001000s ]
SQL: SELECT `content`,`name` FROM `comment` WHERE ( 1=1 AND cid='10' )  [ RunTime:0.001000s ]
SQL: SELECT `content`,`name` FROM `comment` WHERE ( 1=1 AND cid='9' )  [ RunTime:0.001000s ]
SQL: SELECT `content`,`name` FROM `comment` WHERE ( 1=1 AND cid='8' )  [ RunTime:0.001000s ]
SQL: SELECT `content`,`name` FROM `comment` WHERE ( 1=1 AND cid='7' )  [ RunTime:0.001000s ]
SQL: SELECT `content`,`name` FROM `comment` WHERE ( 1=1 AND cid='6' )  [ RunTime:0.001000s ]
SQL: SELECT `content`,`name` FROM `comment` WHERE ( 1=1 AND cid='5' )  [ RunTime:0.001000s ]

[ 2014-03-31T12:42:24+08:00 ] 0.0.0.0 /Lms/index.php/Viewimp/day
INFO: [ app_begin ] --START--
INFO: ReadHtmlCache Behavior ::run [ RunTime:0.001000s ]
INFO: [ app_begin ] --END-- [ RunTime:0.001000s ]
SQL: SHOW COLUMNS FROM `file` [ RunTime:0.007001s ]
SQL: SELECT COUNT(*) AS tp_count FROM `file` LEFT JOIN user on file.fid=user.id WHERE ( `filetime` > 1395636144 ) ORDER BY file.id desc LIMIT 1   [ RunTime:0.000000s ]
SQL: SELECT user.id as uid,user.name,file.filetime,file.filename,user.username,file.impression,file.id,file.number FROM `file` LEFT JOIN user on file.fid=user.id WHERE ( `filetime` > 1395636144 ) ORDER BY file.id desc LIMIT 8,8   [ RunTime:0.001000s ]
SQL: SHOW COLUMNS FROM `comment` [ RunTime:0.005000s ]
SQL: SELECT `content`,`name` FROM `comment` WHERE ( 1=1 AND cid='4' )  [ RunTime:0.000000s ]
SQL: SELECT `content`,`name` FROM `comment` WHERE ( 1=1 AND cid='3' )  [ RunTime:0.000000s ]
SQL: SELECT `content`,`name` FROM `comment` WHERE ( 1=1 AND cid='1' )  [ RunTime:0.000000s ]

[ 2014-03-31T12:42:31+08:00 ] 0.0.0.0 /Lms/index.php/Viewrecord/praise
INFO: [ app_begin ] --START--
INFO: ReadHtmlCache Behavior ::run [ RunTime:0.001000s ]
INFO: [ app_begin ] --END-- [ RunTime:0.001000s ]
SQL: SHOW COLUMNS FROM `praise` [ RunTime:0.006001s ]
SQL: SELECT praise.pname FROM `praise` WHERE ( pid=1 )  [ RunTime:0.016001s ]
NOTIC: [2] Invalid argument supplied for foreach() E:\xampp\htdocs\Lms\Home\Lib\Action\ViewrecordAction.class.php 第 145 行.
SQL: SHOW COLUMNS FROM `file` [ RunTime:0.007000s ]
SQL: SELECT `number` FROM `file` WHERE ( id=1 ) LIMIT 1   [ RunTime:0.001000s ]
SQL: UPDATE `file` SET `number`=1,`id`=1 WHERE ( id=1 ) [ RunTime:0.092006s ]
SQL: INSERT INTO `praise` (`pid`,`pname`) VALUES (1,'熊云川') [ RunTime:0.033001s ]

[ 2014-03-31T12:42:35+08:00 ] 0.0.0.0 /Lms/index.php/Viewrecord/praise
INFO: [ app_begin ] --START--
INFO: ReadHtmlCache Behavior ::run [ RunTime:0.002000s ]
INFO: [ app_begin ] --END-- [ RunTime:0.002000s ]
SQL: SHOW COLUMNS FROM `praise` [ RunTime:0.004001s ]
SQL: SELECT praise.pname FROM `praise` WHERE ( pid=4 )  [ RunTime:0.001000s ]
NOTIC: [2] Invalid argument supplied for foreach() E:\xampp\htdocs\Lms\Home\Lib\Action\ViewrecordAction.class.php 第 145 行.
SQL: SHOW COLUMNS FROM `file` [ RunTime:0.006000s ]
SQL: SELECT `number` FROM `file` WHERE ( id=4 ) LIMIT 1   [ RunTime:0.001000s ]
SQL: UPDATE `file` SET `number`=1,`id`=4 WHERE ( id=4 ) [ RunTime:0.060004s ]
SQL: INSERT INTO `praise` (`pid`,`pname`) VALUES (4,'熊云川') [ RunTime:0.077004s ]

[ 2014-03-31T12:42:44+08:00 ] 0.0.0.0 /Lms/index.php/Viewrecord/praise
INFO: [ app_begin ] --START--
INFO: ReadHtmlCache Behavior ::run [ RunTime:0.001000s ]
INFO: [ app_begin ] --END-- [ RunTime:0.002000s ]
SQL: SHOW COLUMNS FROM `praise` [ RunTime:0.006000s ]
SQL: SELECT praise.pname FROM `praise` WHERE ( pid=4 )  [ RunTime:0.000000s ]

[ 2014-03-31T12:42:56+08:00 ] 0.0.0.0 /Lms/index.php/Viewimp/day
INFO: [ app_begin ] --START--
INFO: ReadHtmlCache Behavior ::run [ RunTime:0.001000s ]
INFO: [ app_begin ] --END-- [ RunTime:0.001000s ]
SQL: SHOW COLUMNS FROM `file` [ RunTime:0.007000s ]
SQL: SELECT COUNT(*) AS tp_count FROM `file` LEFT JOIN user on file.fid=user.id WHERE ( `filetime` > 1395636176 ) ORDER BY file.id desc LIMIT 1   [ RunTime:0.001000s ]
SQL: SELECT user.id as uid,user.name,file.filetime,file.filename,user.username,file.impression,file.id,file.number FROM `file` LEFT JOIN user on file.fid=user.id WHERE ( `filetime` > 1395636176 ) ORDER BY file.id desc LIMIT 0,8   [ RunTime:0.001000s ]
SQL: SHOW COLUMNS FROM `comment` [ RunTime:0.005000s ]
SQL: SELECT `content`,`name` FROM `comment` WHERE ( 1=1 AND cid='12' )  [ RunTime:0.001000s ]
SQL: SELECT `content`,`name` FROM `comment` WHERE ( 1=1 AND cid='11' )  [ RunTime:0.001000s ]
SQL: SELECT `content`,`name` FROM `comment` WHERE ( 1=1 AND cid='10' )  [ RunTime:0.001000s ]
SQL: SELECT `content`,`name` FROM `comment` WHERE ( 1=1 AND cid='9' )  [ RunTime:0.001000s ]
SQL: SELECT `content`,`name` FROM `comment` WHERE ( 1=1 AND cid='8' )  [ RunTime:0.001000s ]
SQL: SELECT `content`,`name` FROM `comment` WHERE ( 1=1 AND cid='7' )  [ RunTime:0.001000s ]
SQL: SELECT `content`,`name` FROM `comment` WHERE ( 1=1 AND cid='6' )  [ RunTime:0.001000s ]
SQL: SELECT `content`,`name` FROM `comment` WHERE ( 1=1 AND cid='5' )  [ RunTime:0.000000s ]

[ 2014-03-31T12:43:00+08:00 ] 0.0.0.0 /Lms/index.php/Viewimp/day
INFO: [ app_begin ] --START--
INFO: ReadHtmlCache Behavior ::run [ RunTime:0.001000s ]
INFO: [ app_begin ] --END-- [ RunTime:0.001000s ]
SQL: SHOW COLUMNS FROM `file` [ RunTime:0.007001s ]
SQL: SELECT COUNT(*) AS tp_count FROM `file` LEFT JOIN user on file.fid=user.id WHERE ( `filetime` > 1395636180 ) ORDER BY file.id desc LIMIT 1   [ RunTime:0.001000s ]
SQL: SELECT user.id as uid,user.name,file.filetime,file.filename,user.username,file.impression,file.id,file.number FROM `file` LEFT JOIN user on file.fid=user.id WHERE ( `filetime` > 1395636180 ) ORDER BY file.id desc LIMIT 8,8   [ RunTime:0.000000s ]
SQL: SHOW COLUMNS FROM `comment` [ RunTime:0.006000s ]
SQL: SELECT `content`,`name` FROM `comment` WHERE ( 1=1 AND cid='4' )  [ RunTime:0.001001s ]
SQL: SELECT `content`,`name` FROM `comment` WHERE ( 1=1 AND cid='3' )  [ RunTime:0.001000s ]
SQL: SELECT `content`,`name` FROM `comment` WHERE ( 1=1 AND cid='1' )  [ RunTime:0.001000s ]

[ 2014-03-31T12:43:07+08:00 ] 0.0.0.0 /Lms/index.php/Viewrecord/praise
INFO: [ app_begin ] --START--
INFO: ReadHtmlCache Behavior ::run [ RunTime:0.001000s ]
INFO: [ app_begin ] --END-- [ RunTime:0.001000s ]
SQL: SHOW COLUMNS FROM `praise` [ RunTime:0.007000s ]
SQL: SELECT praise.pname FROM `praise` WHERE ( pid=3 )  [ RunTime:0.001000s ]
NOTIC: [2] Invalid argument supplied for foreach() E:\xampp\htdocs\Lms\Home\Lib\Action\ViewrecordAction.class.php 第 145 行.
SQL: SHOW COLUMNS FROM `file` [ RunTime:0.007001s ]
SQL: SELECT `number` FROM `file` WHERE ( id=3 ) LIMIT 1   [ RunTime:0.001000s ]
SQL: UPDATE `file` SET `number`=1,`id`=3 WHERE ( id=3 ) [ RunTime:0.147008s ]
SQL: INSERT INTO `praise` (`pid`,`pname`) VALUES (3,'熊云川') [ RunTime:0.032002s ]

[ 2014-03-31T12:43:11+08:00 ] 0.0.0.0 /Lms/index.php/Viewrecord/praise
INFO: [ app_begin ] --START--
INFO: ReadHtmlCache Behavior ::run [ RunTime:0.001000s ]
INFO: [ app_begin ] --END-- [ RunTime:0.001000s ]
SQL: SHOW COLUMNS FROM `praise` [ RunTime:0.005000s ]
SQL: SELECT praise.pname FROM `praise` WHERE ( pid=3 )  [ RunTime:0.001000s ]

[ 2014-03-31T12:43:33+08:00 ] 0.0.0.0 /Lms/index.php/Viewimp/day
INFO: [ app_begin ] --START--
INFO: ReadHtmlCache Behavior ::run [ RunTime:0.001000s ]
INFO: [ app_begin ] --END-- [ RunTime:0.001000s ]
SQL: SHOW COLUMNS FROM `file` [ RunTime:0.007000s ]
SQL: SELECT COUNT(*) AS tp_count FROM `file` LEFT JOIN user on file.fid=user.id WHERE ( `specialty` LIKE '%php%' ) ORDER BY file.id desc LIMIT 1   [ RunTime:0.001000s ]
SQL: SELECT user.id as uid,user.name,file.filetime,file.filename,user.username,file.impression,file.id,file.number FROM `file` LEFT JOIN user on file.fid=user.id WHERE ( `specialty` LIKE '%php%' ) ORDER BY file.id desc LIMIT 0,8   [ RunTime:0.001000s ]
SQL: SHOW COLUMNS FROM `comment` [ RunTime:0.007001s ]
SQL: SELECT `content`,`name` FROM `comment` WHERE ( 1=1 AND cid='10' )  [ RunTime:0.001000s ]
SQL: SELECT `content`,`name` FROM `comment` WHERE ( 1=1 AND cid='9' )  [ RunTime:0.000000s ]
SQL: SELECT `content`,`name` FROM `comment` WHERE ( 1=1 AND cid='8' )  [ RunTime:0.000000s ]
SQL: SELECT `content`,`name` FROM `comment` WHERE ( 1=1 AND cid='7' )  [ RunTime:0.001000s ]
SQL: SELECT `content`,`name` FROM `comment` WHERE ( 1=1 AND cid='6' )  [ RunTime:0.001000s ]
SQL: SELECT `content`,`name` FROM `comment` WHERE ( 1=1 AND cid='5' )  [ RunTime:0.000000s ]
SQL: SELECT `content`,`name` FROM `comment` WHERE ( 1=1 AND cid='4' )  [ RunTime:0.001000s ]
SQL: SELECT `content`,`name` FROM `comment` WHERE ( 1=1 AND cid='3' )  [ RunTime:0.001000s ]

[ 2014-03-31T12:43:38+08:00 ] 0.0.0.0 /Lms/index.php/Viewimp/day
INFO: [ app_begin ] --START--
INFO: ReadHtmlCache Behavior ::run [ RunTime:0.001000s ]
INFO: [ app_begin ] --END-- [ RunTime:0.001000s ]
SQL: SHOW COLUMNS FROM `file` [ RunTime:0.007000s ]
SQL: SELECT COUNT(*) AS tp_count FROM `file` LEFT JOIN user on file.fid=user.id WHERE ( `specialty` LIKE '%java%' ) ORDER BY file.id desc LIMIT 1   [ RunTime:0.001000s ]
SQL: SELECT user.id as uid,user.name,file.filetime,file.filename,user.username,file.impression,file.id,file.number FROM `file` LEFT JOIN user on file.fid=user.id WHERE ( `specialty` LIKE '%java%' ) ORDER BY file.id desc LIMIT 0,8   [ RunTime:0.001000s ]
SQL: SHOW COLUMNS FROM `comment` [ RunTime:0.006001s ]
SQL: SELECT `content`,`name` FROM `comment` WHERE ( 1=1 AND cid='12' )  [ RunTime:0.000000s ]
SQL: SELECT `content`,`name` FROM `comment` WHERE ( 1=1 AND cid='11' )  [ RunTime:0.001000s ]

[ 2014-03-31T12:43:46+08:00 ] 0.0.0.0 /Lms/index.php/Home/cancel
INFO: [ app_begin ] --START--
INFO: ReadHtmlCache Behavior ::run [ RunTime:0.001000s ]
INFO: [ app_begin ] --END-- [ RunTime:0.001000s ]
NOTIC: [8] Undefined index: username E:\xampp\htdocs\Lms\Home\Lib\Action\HomeAction.class.php 第 79 行.
NOTIC: [8] Undefined index: id E:\xampp\htdocs\Lms\Home\Lib\Action\HomeAction.class.php 第 79 行.
NOTIC: [8] Undefined index: name E:\xampp\htdocs\Lms\Home\Lib\Action\HomeAction.class.php 第 79 行.
NOTIC: [8] Undefined index: status E:\xampp\htdocs\Lms\Home\Lib\Action\HomeAction.class.php 第 79 行.

[ 2014-03-31T12:43:58+08:00 ] 0.0.0.0 /Lms/index.php/Index/login
INFO: [ app_begin ] --START--
INFO: ReadHtmlCache Behavior ::run [ RunTime:0.001000s ]
INFO: [ app_begin ] --END-- [ RunTime:0.002000s ]
SQL: SHOW COLUMNS FROM `user` [ RunTime:0.007001s ]
SQL: SELECT * FROM `user` WHERE ( `username` = 'dxy' ) AND ( `password` = 'e10adc3949ba59abbe56e057f20f883e' ) AND ( `status` = 1 )  [ RunTime:0.001000s ]

[ 2014-03-31T12:44:02+08:00 ] 0.0.0.0 /Lms/index.php/Home/select_user
INFO: [ app_begin ] --START--
INFO: ReadHtmlCache Behavior ::run [ RunTime:0.001000s ]
INFO: [ app_begin ] --END-- [ RunTime:0.001000s ]
SQL: SHOW COLUMNS FROM `user` [ RunTime:0.006000s ]
SQL: SELECT * FROM `user` WHERE ( `username` = 'dxy' )  [ RunTime:0.001000s ]

[ 2014-03-31T12:44:09+08:00 ] 0.0.0.0 /Lms/index.php/Thome/select_student
INFO: [ app_begin ] --START--
INFO: ReadHtmlCache Behavior ::run [ RunTime:0.002000s ]
INFO: [ app_begin ] --END-- [ RunTime:0.002000s ]
SQL: SHOW COLUMNS FROM `user` [ RunTime:0.008000s ]
SQL: SELECT COUNT(*) AS tp_count FROM `user` WHERE ( status=0 ) LIMIT 1   [ RunTime:0.001000s ]
SQL: SELECT * FROM `user` WHERE ( status=0 ) LIMIT 0,10   [ RunTime:0.000000s ]

[ 2014-03-31T12:44:11+08:00 ] 0.0.0.0 /Lms/index.php/Thome/select_student
INFO: [ app_begin ] --START--
INFO: ReadHtmlCache Behavior ::run [ RunTime:0.001000s ]
INFO: [ app_begin ] --END-- [ RunTime:0.001000s ]
SQL: SHOW COLUMNS FROM `user` [ RunTime:0.007000s ]
SQL: SELECT COUNT(*) AS tp_count FROM `user` WHERE ( status=0 ) LIMIT 1   [ RunTime:0.001000s ]
SQL: SELECT * FROM `user` WHERE ( status=0 ) LIMIT 10,10   [ RunTime:0.001000s ]

[ 2014-03-31T12:44:16+08:00 ] 0.0.0.0 /Lms/index.php/Thome/remove_student
INFO: [ app_begin ] --START--
INFO: ReadHtmlCache Behavior ::run [ RunTime:0.001000s ]
INFO: [ app_begin ] --END-- [ RunTime:0.001000s ]
SQL: SHOW COLUMNS FROM `file` [ RunTime:0.007001s ]
SQL: DELETE FROM `file` WHERE ( fid=22 ) [ RunTime:0.000000s ]

[ 2014-03-31T12:44:26+08:00 ] 0.0.0.0 /Lms/index.php/Thome/remove_student
INFO: [ app_begin ] --START--
INFO: ReadHtmlCache Behavior ::run [ RunTime:0.001000s ]
INFO: [ app_begin ] --END-- [ RunTime:0.002000s ]
SQL: SHOW COLUMNS FROM `file` [ RunTime:0.008000s ]
SQL: DELETE FROM `file` WHERE ( fid=22 ) [ RunTime:0.001000s ]

[ 2014-03-31T12:45:43+08:00 ] 0.0.0.0 /Lms/index.php/Thome/select_student
INFO: [ app_begin ] --START--
INFO: ReadHtmlCache Behavior ::run [ RunTime:0.000000s ]
INFO: [ app_begin ] --END-- [ RunTime:0.000000s ]
SQL: SHOW COLUMNS FROM `user` [ RunTime:0.008000s ]
SQL: SELECT COUNT(*) AS tp_count FROM `user` WHERE ( status=0 ) LIMIT 1   [ RunTime:0.001000s ]
SQL: SELECT * FROM `user` WHERE ( status=0 ) LIMIT 0,10   [ RunTime:0.001000s ]

[ 2014-03-31T12:45:46+08:00 ] 0.0.0.0 /Lms/index.php/Thome/select_student
INFO: [ app_begin ] --START--
INFO: ReadHtmlCache Behavior ::run [ RunTime:0.001000s ]
INFO: [ app_begin ] --END-- [ RunTime:0.001000s ]
SQL: SHOW COLUMNS FROM `user` [ RunTime:0.004001s ]
SQL: SELECT COUNT(*) AS tp_count FROM `user` WHERE ( status=0 ) LIMIT 1   [ RunTime:0.000000s ]
SQL: SELECT * FROM `user` WHERE ( status=0 ) LIMIT 10,10   [ RunTime:0.000000s ]

[ 2014-03-31T12:45:49+08:00 ] 0.0.0.0 /Lms/index.php/Thome/remove_student
INFO: [ app_begin ] --START--
INFO: ReadHtmlCache Behavior ::run [ RunTime:0.001000s ]
INFO: [ app_begin ] --END-- [ RunTime:0.001000s ]
SQL: SHOW COLUMNS FROM `file` [ RunTime:0.007001s ]
SQL: DELETE FROM `file` WHERE ( fid=22 ) [ RunTime:0.001000s ]

[ 2014-03-31T12:46:41+08:00 ] 0.0.0.0 /Lms/index.php/Thome/select_student
INFO: [ app_begin ] --START--
INFO: ReadHtmlCache Behavior ::run [ RunTime:0.001000s ]
INFO: [ app_begin ] --END-- [ RunTime:0.001000s ]
SQL: SHOW COLUMNS FROM `user` [ RunTime:0.007000s ]
SQL: SELECT COUNT(*) AS tp_count FROM `user` WHERE ( status=0 ) LIMIT 1   [ RunTime:0.001000s ]
SQL: SELECT * FROM `user` WHERE ( status=0 ) LIMIT 0,10   [ RunTime:0.001000s ]

[ 2014-03-31T12:46:45+08:00 ] 0.0.0.0 /Lms/index.php/Thome/remove_student
INFO: [ app_begin ] --START--
INFO: ReadHtmlCache Behavior ::run [ RunTime:0.001000s ]
INFO: [ app_begin ] --END-- [ RunTime:0.001000s ]
SQL: SHOW COLUMNS FROM `file` [ RunTime:0.007000s ]
SQL: DELETE FROM `file` WHERE ( fid=20 ) [ RunTime:0.001000s ]

[ 2014-03-31T12:48:38+08:00 ] 0.0.0.0 /Lms/index.php/Thome/select_student
INFO: [ app_begin ] --START--
INFO: ReadHtmlCache Behavior ::run [ RunTime:0.001000s ]
INFO: [ app_begin ] --END-- [ RunTime:0.001000s ]
SQL: SHOW COLUMNS FROM `user` [ RunTime:0.007000s ]
SQL: SELECT COUNT(*) AS tp_count FROM `user` WHERE ( status=0 ) LIMIT 1   [ RunTime:0.001000s ]
SQL: SELECT * FROM `user` WHERE ( status=0 ) LIMIT 0,10   [ RunTime:0.001000s ]

[ 2014-03-31T12:48:41+08:00 ] 0.0.0.0 /Lms/index.php/Thome/select_student
INFO: [ app_begin ] --START--
INFO: ReadHtmlCache Behavior ::run [ RunTime:0.001000s ]
INFO: [ app_begin ] --END-- [ RunTime:0.001000s ]
SQL: SHOW COLUMNS FROM `user` [ RunTime:0.008001s ]
SQL: SELECT COUNT(*) AS tp_count FROM `user` WHERE ( status=0 ) LIMIT 1   [ RunTime:0.000000s ]
SQL: SELECT * FROM `user` WHERE ( status=0 ) LIMIT 10,10   [ RunTime:0.001000s ]

[ 2014-03-31T12:48:43+08:00 ] 0.0.0.0 /Lms/index.php/Thome/remove_student
INFO: [ app_begin ] --START--
INFO: ReadHtmlCache Behavior ::run [ RunTime:0.001000s ]
INFO: [ app_begin ] --END-- [ RunTime:0.002000s ]
SQL: SHOW COLUMNS FROM `file` [ RunTime:0.007001s ]
SQL: DELETE FROM `file` WHERE ( fid=22 ) [ RunTime:0.001000s ]

[ 2014-03-31T12:49:11+08:00 ] 0.0.0.0 /Lms/index.php/Thome/select_student
INFO: [ app_begin ] --START--
INFO: ReadHtmlCache Behavior ::run [ RunTime:0.001000s ]
INFO: [ app_begin ] --END-- [ RunTime:0.001000s ]
SQL: SHOW COLUMNS FROM `user` [ RunTime:0.007000s ]
SQL: SELECT COUNT(*) AS tp_count FROM `user` WHERE ( status=0 ) LIMIT 1   [ RunTime:0.000000s ]
SQL: SELECT * FROM `user` WHERE ( status=0 ) LIMIT 0,10   [ RunTime:0.000000s ]

[ 2014-03-31T12:49:14+08:00 ] 0.0.0.0 /Lms/index.php/Thome/select_student
INFO: [ app_begin ] --START--
INFO: ReadHtmlCache Behavior ::run [ RunTime:0.002001s ]
INFO: [ app_begin ] --END-- [ RunTime:0.002001s ]
SQL: SHOW COLUMNS FROM `user` [ RunTime:0.007000s ]
SQL: SELECT COUNT(*) AS tp_count FROM `user` WHERE ( status=0 ) LIMIT 1   [ RunTime:0.001000s ]
SQL: SELECT * FROM `user` WHERE ( status=0 ) LIMIT 10,10   [ RunTime:0.001000s ]

[ 2014-03-31T12:49:16+08:00 ] 0.0.0.0 /Lms/index.php/Thome/remove_student
INFO: [ app_begin ] --START--
INFO: ReadHtmlCache Behavior ::run [ RunTime:0.002000s ]
INFO: [ app_begin ] --END-- [ RunTime:0.002000s ]
SQL: SHOW COLUMNS FROM `file` [ RunTime:0.008000s ]
SQL: DELETE FROM `file` WHERE ( fid=22 ) [ RunTime:0.000000s ]

[ 2014-03-31T12:50:11+08:00 ] 0.0.0.0 /Lms/index.php/Thome/select_student
INFO: [ app_begin ] --START--
INFO: ReadHtmlCache Behavior ::run [ RunTime:0.001000s ]
INFO: [ app_begin ] --END-- [ RunTime:0.001000s ]
SQL: SHOW COLUMNS FROM `user` [ RunTime:0.007001s ]
SQL: SELECT COUNT(*) AS tp_count FROM `user` WHERE ( status=0 ) LIMIT 1   [ RunTime:0.001000s ]
SQL: SELECT * FROM `user` WHERE ( status=0 ) LIMIT 0,10   [ RunTime:0.001000s ]

[ 2014-03-31T12:50:13+08:00 ] 0.0.0.0 /Lms/index.php/Thome/select_student
INFO: [ app_begin ] --START--
INFO: ReadHtmlCache Behavior ::run [ RunTime:0.001000s ]
INFO: [ app_begin ] --END-- [ RunTime:0.001000s ]
SQL: SHOW COLUMNS FROM `user` [ RunTime:0.006000s ]
SQL: SELECT COUNT(*) AS tp_count FROM `user` WHERE ( status=0 ) LIMIT 1   [ RunTime:0.000000s ]
SQL: SELECT * FROM `user` WHERE ( status=0 ) LIMIT 10,10   [ RunTime:0.000000s ]

[ 2014-03-31T12:50:16+08:00 ] 0.0.0.0 /Lms/index.php/Thome/remove_student
INFO: [ app_begin ] --START--
INFO: ReadHtmlCache Behavior ::run [ RunTime:0.001001s ]
INFO: [ app_begin ] --END-- [ RunTime:0.001001s ]
SQL: SHOW COLUMNS FROM `user` [ RunTime:0.006000s ]
SQL: DELETE FROM `user` WHERE ( id=22 ) [ RunTime:0.081005s ]

[ 2014-03-31T12:50:17+08:00 ] 0.0.0.0 /Lms/index.php/Thome/select_student
INFO: [ app_begin ] --START--
INFO: ReadHtmlCache Behavior ::run [ RunTime:0.001000s ]
INFO: [ app_begin ] --END-- [ RunTime:0.001000s ]
SQL: SHOW COLUMNS FROM `user` [ RunTime:0.006000s ]
SQL: SELECT COUNT(*) AS tp_count FROM `user` WHERE ( status=0 ) LIMIT 1   [ RunTime:0.001000s ]
SQL: SELECT * FROM `user` WHERE ( status=0 ) LIMIT 10,10   [ RunTime:0.001000s ]

[ 2014-03-31T12:50:21+08:00 ] 0.0.0.0 /Lms/index.php/Thome/select_student
INFO: [ app_begin ] --START--
INFO: ReadHtmlCache Behavior ::run [ RunTime:0.001000s ]
INFO: [ app_begin ] --END-- [ RunTime:0.001000s ]
SQL: SHOW COLUMNS FROM `user` [ RunTime:0.007001s ]
SQL: SELECT COUNT(*) AS tp_count FROM `user` WHERE ( status=0 ) LIMIT 1   [ RunTime:0.000000s ]
SQL: SELECT * FROM `user` WHERE ( status=0 ) LIMIT 10,10   [ RunTime:0.000000s ]

[ 2014-03-31T12:50:24+08:00 ] 0.0.0.0 /Lms/index.php/Thome/select_student
INFO: [ app_begin ] --START--
INFO: ReadHtmlCache Behavior ::run [ RunTime:0.001000s ]
INFO: [ app_begin ] --END-- [ RunTime:0.001000s ]
SQL: SHOW COLUMNS FROM `user` [ RunTime:0.008001s ]
SQL: SELECT COUNT(*) AS tp_count FROM `user` WHERE ( status=0 ) LIMIT 1   [ RunTime:0.001000s ]
SQL: SELECT * FROM `user` WHERE ( status=0 ) LIMIT 10,10   [ RunTime:0.001000s ]

[ 2014-03-31T12:50:31+08:00 ] 0.0.0.0 /Lms/index.php/Thome/select_student
INFO: [ app_begin ] --START--
INFO: ReadHtmlCache Behavior ::run [ RunTime:0.001000s ]
INFO: [ app_begin ] --END-- [ RunTime:0.001000s ]
SQL: SHOW COLUMNS FROM `user` [ RunTime:0.008001s ]
SQL: SELECT COUNT(*) AS tp_count FROM `user` WHERE ( status=0 ) LIMIT 1   [ RunTime:0.000000s ]
SQL: SELECT * FROM `user` WHERE ( status=0 ) LIMIT 10,10   [ RunTime:0.001000s ]

[ 2014-03-31T12:50:33+08:00 ] 0.0.0.0 /Lms/index.php/Home/select_user
INFO: [ app_begin ] --START--
INFO: ReadHtmlCache Behavior ::run [ RunTime:0.001001s ]
INFO: [ app_begin ] --END-- [ RunTime:0.001001s ]
SQL: SHOW COLUMNS FROM `user` [ RunTime:0.007000s ]
SQL: SELECT * FROM `user` WHERE ( `username` = 'dxy' )  [ RunTime:0.001000s ]

[ 2014-03-31T12:51:14+08:00 ] 0.0.0.0 /Lms/index.php/Thome/select_student
INFO: [ app_begin ] --START--
INFO: ReadHtmlCache Behavior ::run [ RunTime:0.001000s ]
INFO: [ app_begin ] --END-- [ RunTime:0.001000s ]
SQL: SHOW COLUMNS FROM `user` [ RunTime:0.007000s ]
SQL: SELECT COUNT(*) AS tp_count FROM `user` WHERE ( status=0 ) LIMIT 1   [ RunTime:0.000000s ]
SQL: SELECT * FROM `user` WHERE ( status=0 ) LIMIT 10,10   [ RunTime:0.001000s ]

[ 2014-03-31T12:52:36+08:00 ] 0.0.0.0 /Lms/index.php/Thome/select_student
INFO: [ app_begin ] --START--
INFO: ReadHtmlCache Behavior ::run [ RunTime:0.002000s ]
INFO: [ app_begin ] --END-- [ RunTime:0.002000s ]
SQL: SHOW COLUMNS FROM `user` [ RunTime:0.008000s ]
SQL: SELECT COUNT(*) AS tp_count FROM `user` WHERE ( status=0 ) LIMIT 1   [ RunTime:0.000000s ]
SQL: SELECT * FROM `user` WHERE ( status=0 ) LIMIT 0,10   [ RunTime:0.001000s ]

[ 2014-03-31T12:52:50+08:00 ] 0.0.0.0 /Lms/index.php/Thome/add_student
INFO: [ app_begin ] --START--
INFO: ReadHtmlCache Behavior ::run [ RunTime:0.002000s ]
INFO: [ app_begin ] --END-- [ RunTime:0.002000s ]
SQL: SHOW COLUMNS FROM `user` [ RunTime:0.007000s ]
SQL: SELECT * FROM `user` WHERE ( username=2587469542 )  [ RunTime:0.001000s ]
SQL: INSERT INTO `user` (`class`,`specialty`,`username`,`name`,`password`) VALUES ('','','2587469542','rwer','f200c8ba357a2ee0dde4817afb72feac') [ RunTime:0.066004s ]

[ 2014-03-31T12:52:55+08:00 ] 0.0.0.0 /Lms/index.php/Thome/select_student
INFO: [ app_begin ] --START--
INFO: ReadHtmlCache Behavior ::run [ RunTime:0.001000s ]
INFO: [ app_begin ] --END-- [ RunTime:0.001000s ]
SQL: SHOW COLUMNS FROM `user` [ RunTime:0.007000s ]
SQL: SELECT COUNT(*) AS tp_count FROM `user` WHERE ( status=0 ) LIMIT 1   [ RunTime:0.001000s ]
SQL: SELECT * FROM `user` WHERE ( status=0 ) LIMIT 0,10   [ RunTime:0.001000s ]

[ 2014-03-31T12:52:57+08:00 ] 0.0.0.0 /Lms/index.php/Thome/select_student
INFO: [ app_begin ] --START--
INFO: ReadHtmlCache Behavior ::run [ RunTime:0.001000s ]
INFO: [ app_begin ] --END-- [ RunTime:0.001000s ]
SQL: SHOW COLUMNS FROM `user` [ RunTime:0.007000s ]
SQL: SELECT COUNT(*) AS tp_count FROM `user` WHERE ( status=0 ) LIMIT 1   [ RunTime:0.000000s ]
SQL: SELECT * FROM `user` WHERE ( status=0 ) LIMIT 10,10   [ RunTime:0.000000s ]

[ 2014-03-31T12:53:03+08:00 ] 0.0.0.0 /Lms/index.php/Thome/remove_student
INFO: [ app_begin ] --START--
INFO: ReadHtmlCache Behavior ::run [ RunTime:0.005000s ]
INFO: [ app_begin ] --END-- [ RunTime:0.005000s ]
SQL: SHOW COLUMNS FROM `user` [ RunTime:0.008001s ]
SQL: DELETE FROM `user` WHERE ( id=23 ) [ RunTime:0.079004s ]

[ 2014-03-31T12:53:04+08:00 ] 0.0.0.0 /Lms/index.php/Thome/select_student
INFO: [ app_begin ] --START--
INFO: ReadHtmlCache Behavior ::run [ RunTime:0.001000s ]
INFO: [ app_begin ] --END-- [ RunTime:0.001000s ]
SQL: SHOW COLUMNS FROM `user` [ RunTime:0.005000s ]
SQL: SELECT COUNT(*) AS tp_count FROM `user` WHERE ( status=0 ) LIMIT 1   [ RunTime:0.000000s ]
SQL: SELECT * FROM `user` WHERE ( status=0 ) LIMIT 10,10   [ RunTime:0.000000s ]

[ 2014-03-31T12:53:07+08:00 ] 0.0.0.0 /Lms/index.php/Thome/select_student
INFO: [ app_begin ] --START--
INFO: ReadHtmlCache Behavior ::run [ RunTime:0.001000s ]
INFO: [ app_begin ] --END-- [ RunTime:0.001000s ]
SQL: SHOW COLUMNS FROM `user` [ RunTime:0.007000s ]
SQL: SELECT COUNT(*) AS tp_count FROM `user` WHERE ( status=0 ) LIMIT 1   [ RunTime:0.001000s ]
SQL: SELECT * FROM `user` WHERE ( status=0 ) LIMIT 0,10   [ RunTime:0.001000s ]

[ 2014-03-31T12:53:23+08:00 ] 0.0.0.0 /Lms/index.php/Thome/select_student
INFO: [ app_begin ] --START--
INFO: ReadHtmlCache Behavior ::run [ RunTime:0.001000s ]
INFO: [ app_begin ] --END-- [ RunTime:0.001000s ]
SQL: SHOW COLUMNS FROM `user` [ RunTime:0.008001s ]
SQL: SELECT COUNT(*) AS tp_count FROM `user` WHERE ( status=0 ) LIMIT 1   [ RunTime:0.001000s ]
SQL: SELECT * FROM `user` WHERE ( status=0 ) LIMIT 0,10   [ RunTime:0.001000s ]

[ 2014-03-31T12:54:50+08:00 ] 0.0.0.0 /Lms/index.php/Viewimp/day
INFO: [ app_begin ] --START--
INFO: ReadHtmlCache Behavior ::run [ RunTime:0.001000s ]
INFO: [ app_begin ] --END-- [ RunTime:0.001000s ]
SQL: SHOW COLUMNS FROM `file` [ RunTime:0.008000s ]
SQL: SELECT COUNT(*) AS tp_count FROM `file` LEFT JOIN user on file.fid=user.id WHERE ( `filetime` > 1395636890 ) ORDER BY file.id desc LIMIT 1   [ RunTime:0.000000s ]
SQL: SELECT user.id as uid,user.name,file.filetime,file.filename,user.username,file.impression,file.id,file.number FROM `file` LEFT JOIN user on file.fid=user.id WHERE ( `filetime` > 1395636890 ) ORDER BY file.id desc LIMIT 0,8   [ RunTime:0.001000s ]
SQL: SHOW COLUMNS FROM `comment` [ RunTime:0.007000s ]
SQL: SELECT `content`,`name` FROM `comment` WHERE ( 1=1 AND cid='12' )  [ RunTime:0.001000s ]
SQL: SELECT `content`,`name` FROM `comment` WHERE ( 1=1 AND cid='11' )  [ RunTime:0.001000s ]
SQL: SELECT `content`,`name` FROM `comment` WHERE ( 1=1 AND cid='10' )  [ RunTime:0.001000s ]
SQL: SELECT `content`,`name` FROM `comment` WHERE ( 1=1 AND cid='9' )  [ RunTime:0.001000s ]
SQL: SELECT `content`,`name` FROM `comment` WHERE ( 1=1 AND cid='8' )  [ RunTime:0.001000s ]
SQL: SELECT `content`,`name` FROM `comment` WHERE ( 1=1 AND cid='7' )  [ RunTime:0.000000s ]
SQL: SELECT `content`,`name` FROM `comment` WHERE ( 1=1 AND cid='6' )  [ RunTime:0.001000s ]
SQL: SELECT `content`,`name` FROM `comment` WHERE ( 1=1 AND cid='5' )  [ RunTime:0.001000s ]

[ 2014-03-31T12:54:57+08:00 ] 0.0.0.0 /Lms/index.php/Viewimp/day
INFO: [ app_begin ] --START--
INFO: ReadHtmlCache Behavior ::run [ RunTime:0.001000s ]
INFO: [ app_begin ] --END-- [ RunTime:0.001000s ]
SQL: SHOW COLUMNS FROM `file` [ RunTime:0.006000s ]
SQL: SELECT COUNT(*) AS tp_count FROM `file` LEFT JOIN user on file.fid=user.id WHERE ( `filetime` > 1395636897 ) ORDER BY file.id desc LIMIT 1   [ RunTime:0.001001s ]
SQL: SELECT user.id as uid,user.name,file.filetime,file.filename,user.username,file.impression,file.id,file.number FROM `file` LEFT JOIN user on file.fid=user.id WHERE ( `filetime` > 1395636897 ) ORDER BY file.id desc LIMIT 8,8   [ RunTime:0.001000s ]
SQL: SHOW COLUMNS FROM `comment` [ RunTime:0.006000s ]
SQL: SELECT `content`,`name` FROM `comment` WHERE ( 1=1 AND cid='4' )  [ RunTime:0.000000s ]
SQL: SELECT `content`,`name` FROM `comment` WHERE ( 1=1 AND cid='3' )  [ RunTime:0.001000s ]
SQL: SELECT `content`,`name` FROM `comment` WHERE ( 1=1 AND cid='1' )  [ RunTime:0.001000s ]

[ 2014-03-31T12:55:20+08:00 ] 0.0.0.0 /Lms/index.php/Viewimp/day
INFO: [ app_begin ] --START--
INFO: ReadHtmlCache Behavior ::run [ RunTime:0.001000s ]
INFO: [ app_begin ] --END-- [ RunTime:0.001000s ]
SQL: SHOW COLUMNS FROM `file` [ RunTime:0.007000s ]
SQL: SELECT COUNT(*) AS tp_count FROM `file` LEFT JOIN user on file.fid=user.id WHERE ( `specialty` LIKE '%php%' ) ORDER BY file.id desc LIMIT 1   [ RunTime:0.001000s ]
SQL: SELECT user.id as uid,user.name,file.filetime,file.filename,user.username,file.impression,file.id,file.number FROM `file` LEFT JOIN user on file.fid=user.id WHERE ( `specialty` LIKE '%php%' ) ORDER BY file.id desc LIMIT 0,8   [ RunTime:0.000000s ]
SQL: SHOW COLUMNS FROM `comment` [ RunTime:0.006000s ]
SQL: SELECT `content`,`name` FROM `comment` WHERE ( 1=1 AND cid='10' )  [ RunTime:0.001000s ]
SQL: SELECT `content`,`name` FROM `comment` WHERE ( 1=1 AND cid='9' )  [ RunTime:0.000000s ]
SQL: SELECT `content`,`name` FROM `comment` WHERE ( 1=1 AND cid='8' )  [ RunTime:0.000000s ]
SQL: SELECT `content`,`name` FROM `comment` WHERE ( 1=1 AND cid='7' )  [ RunTime:0.000000s ]
SQL: SELECT `content`,`name` FROM `comment` WHERE ( 1=1 AND cid='6' )  [ RunTime:0.000000s ]
SQL: SELECT `content`,`name` FROM `comment` WHERE ( 1=1 AND cid='5' )  [ RunTime:0.000000s ]
SQL: SELECT `content`,`name` FROM `comment` WHERE ( 1=1 AND cid='4' )  [ RunTime:0.000000s ]
SQL: SELECT `content`,`name` FROM `comment` WHERE ( 1=1 AND cid='3' )  [ RunTime:0.000000s ]

[ 2014-03-31T12:55:36+08:00 ] 0.0.0.0 /Lms/index.php/Thome/select_student
INFO: [ app_begin ] --START--
INFO: ReadHtmlCache Behavior ::run [ RunTime:0.001000s ]
INFO: [ app_begin ] --END-- [ RunTime:0.001000s ]
SQL: SHOW COLUMNS FROM `user` [ RunTime:0.005001s ]
SQL: SELECT COUNT(*) AS tp_count FROM `user` WHERE ( status=0 ) LIMIT 1   [ RunTime:0.001000s ]
SQL: SELECT * FROM `user` WHERE ( status=0 ) LIMIT 0,10   [ RunTime:0.000000s ]

[ 2014-03-31T12:55:40+08:00 ] 0.0.0.0 /Lms/index.php/Thome/remove_student
INFO: [ app_begin ] --START--
INFO: ReadHtmlCache Behavior ::run [ RunTime:0.001001s ]
INFO: [ app_begin ] --END-- [ RunTime:0.001001s ]
SQL: SHOW COLUMNS FROM `user` [ RunTime:0.007000s ]
SQL: DELETE FROM `user` WHERE ( id=14 ) [ RunTime:0.076004s ]

[ 2014-03-31T12:55:41+08:00 ] 0.0.0.0 /Lms/index.php/Thome/select_student
INFO: [ app_begin ] --START--
INFO: ReadHtmlCache Behavior ::run [ RunTime:0.002000s ]
INFO: [ app_begin ] --END-- [ RunTime:0.002000s ]
SQL: SHOW COLUMNS FROM `user` [ RunTime:0.005000s ]
SQL: SELECT COUNT(*) AS tp_count FROM `user` WHERE ( status=0 ) LIMIT 1   [ RunTime:0.001001s ]
SQL: SELECT * FROM `user` WHERE ( status=0 ) LIMIT 0,10   [ RunTime:0.001000s ]

[ 2014-03-31T12:55:44+08:00 ] 0.0.0.0 /Lms/index.php/Thome/remove_student
INFO: [ app_begin ] --START--
INFO: ReadHtmlCache Behavior ::run [ RunTime:0.001000s ]
INFO: [ app_begin ] --END-- [ RunTime:0.001000s ]
SQL: SHOW COLUMNS FROM `user` [ RunTime:0.005000s ]
SQL: DELETE FROM `user` WHERE ( id=15 ) [ RunTime:0.088005s ]

[ 2014-03-31T12:55:45+08:00 ] 0.0.0.0 /Lms/index.php/Thome/select_student
INFO: [ app_begin ] --START--
INFO: ReadHtmlCache Behavior ::run [ RunTime:0.001000s ]
INFO: [ app_begin ] --END-- [ RunTime:0.001000s ]
SQL: SHOW COLUMNS FROM `user` [ RunTime:0.007000s ]
SQL: SELECT COUNT(*) AS tp_count FROM `user` WHERE ( status=0 ) LIMIT 1   [ RunTime:0.001000s ]
SQL: SELECT * FROM `user` WHERE ( status=0 ) LIMIT 0,10   [ RunTime:0.001000s ]

[ 2014-03-31T12:55:47+08:00 ] 0.0.0.0 /Lms/index.php/Thome/remove_student
INFO: [ app_begin ] --START--
INFO: ReadHtmlCache Behavior ::run [ RunTime:0.000000s ]
INFO: [ app_begin ] --END-- [ RunTime:0.001000s ]
SQL: SHOW COLUMNS FROM `user` [ RunTime:0.005000s ]
SQL: DELETE FROM `user` WHERE ( id=20 ) [ RunTime:0.037003s ]

[ 2014-03-31T12:55:48+08:00 ] 0.0.0.0 /Lms/index.php/Thome/select_student
INFO: [ app_begin ] --START--
INFO: ReadHtmlCache Behavior ::run [ RunTime:0.001000s ]
INFO: [ app_begin ] --END-- [ RunTime:0.001000s ]
SQL: SHOW COLUMNS FROM `user` [ RunTime:0.008000s ]
SQL: SELECT COUNT(*) AS tp_count FROM `user` WHERE ( status=0 ) LIMIT 1   [ RunTime:0.001000s ]
SQL: SELECT * FROM `user` WHERE ( status=0 ) LIMIT 0,10   [ RunTime:0.000000s ]

[ 2014-03-31T12:55:50+08:00 ] 0.0.0.0 /Lms/index.php/Thome/remove_student
INFO: [ app_begin ] --START--
INFO: ReadHtmlCache Behavior ::run [ RunTime:0.001000s ]
INFO: [ app_begin ] --END-- [ RunTime:0.001000s ]
SQL: SHOW COLUMNS FROM `user` [ RunTime:0.005000s ]
SQL: DELETE FROM `user` WHERE ( id=18 ) [ RunTime:0.077005s ]

[ 2014-03-31T12:55:51+08:00 ] 0.0.0.0 /Lms/index.php/Thome/select_student
INFO: [ app_begin ] --START--
INFO: ReadHtmlCache Behavior ::run [ RunTime:0.001001s ]
INFO: [ app_begin ] --END-- [ RunTime:0.001001s ]
SQL: SHOW COLUMNS FROM `user` [ RunTime:0.003000s ]
SQL: SELECT COUNT(*) AS tp_count FROM `user` WHERE ( status=0 ) LIMIT 1   [ RunTime:0.001000s ]
SQL: SELECT * FROM `user` WHERE ( status=0 ) LIMIT 0,10   [ RunTime:0.001000s ]

[ 2014-03-31T12:55:53+08:00 ] 0.0.0.0 /Lms/index.php/Thome/remove_student
INFO: [ app_begin ] --START--
INFO: ReadHtmlCache Behavior ::run [ RunTime:0.001000s ]
INFO: [ app_begin ] --END-- [ RunTime:0.001000s ]
SQL: SHOW COLUMNS FROM `user` [ RunTime:0.006001s ]
SQL: DELETE FROM `user` WHERE ( id=19 ) [ RunTime:0.071004s ]

[ 2014-03-31T12:55:54+08:00 ] 0.0.0.0 /Lms/index.php/Thome/select_student
INFO: [ app_begin ] --START--
INFO: ReadHtmlCache Behavior ::run [ RunTime:0.001000s ]
INFO: [ app_begin ] --END-- [ RunTime:0.001000s ]
SQL: SHOW COLUMNS FROM `user` [ RunTime:0.006001s ]
SQL: SELECT COUNT(*) AS tp_count FROM `user` WHERE ( status=0 ) LIMIT 1   [ RunTime:0.000000s ]
SQL: SELECT * FROM `user` WHERE ( status=0 ) LIMIT 0,10   [ RunTime:0.001000s ]

[ 2014-03-31T12:55:56+08:00 ] 0.0.0.0 /Lms/index.php/Thome/remove_student
INFO: [ app_begin ] --START--
INFO: ReadHtmlCache Behavior ::run [ RunTime:0.001000s ]
INFO: [ app_begin ] --END-- [ RunTime:0.001000s ]
SQL: SHOW COLUMNS FROM `user` [ RunTime:0.007000s ]
SQL: DELETE FROM `user` WHERE ( id=17 ) [ RunTime:0.042003s ]

[ 2014-03-31T12:55:57+08:00 ] 0.0.0.0 /Lms/index.php/Thome/select_student
INFO: [ app_begin ] --START--
INFO: ReadHtmlCache Behavior ::run [ RunTime:0.001000s ]
INFO: [ app_begin ] --END-- [ RunTime:0.001000s ]
SQL: SHOW COLUMNS FROM `user` [ RunTime:0.008000s ]
SQL: SELECT COUNT(*) AS tp_count FROM `user` WHERE ( status=0 ) LIMIT 1   [ RunTime:0.000000s ]
SQL: SELECT * FROM `user` WHERE ( status=0 ) LIMIT 0,10   [ RunTime:0.000000s ]

[ 2014-03-31T12:55:59+08:00 ] 0.0.0.0 /Lms/index.php/Thome/remove_student
INFO: [ app_begin ] --START--
INFO: ReadHtmlCache Behavior ::run [ RunTime:0.001000s ]
INFO: [ app_begin ] --END-- [ RunTime:0.001000s ]
SQL: SHOW COLUMNS FROM `user` [ RunTime:0.007000s ]
SQL: DELETE FROM `user` WHERE ( id=16 ) [ RunTime:0.041002s ]

[ 2014-03-31T12:56:00+08:00 ] 0.0.0.0 /Lms/index.php/Thome/select_student
INFO: [ app_begin ] --START--
INFO: ReadHtmlCache Behavior ::run [ RunTime:0.001000s ]
INFO: [ app_begin ] --END-- [ RunTime:0.001000s ]
SQL: SHOW COLUMNS FROM `user` [ RunTime:0.004000s ]
SQL: SELECT COUNT(*) AS tp_count FROM `user` WHERE ( status=0 ) LIMIT 1   [ RunTime:0.001000s ]
SQL: SELECT * FROM `user` WHERE ( status=0 ) LIMIT 0,10   [ RunTime:0.000000s ]

[ 2014-03-31T12:56:04+08:00 ] 0.0.0.0 /Lms/index.php/Thome/select_student
INFO: [ app_begin ] --START--
INFO: ReadHtmlCache Behavior ::run [ RunTime:0.001000s ]
INFO: [ app_begin ] --END-- [ RunTime:0.001000s ]
SQL: SHOW COLUMNS FROM `user` [ RunTime:0.003000s ]
SQL: SELECT COUNT(*) AS tp_count FROM `user` WHERE ( status=0 ) LIMIT 1   [ RunTime:0.000000s ]
SQL: SELECT * FROM `user` WHERE ( status=0 ) LIMIT 0,10   [ RunTime:0.001000s ]

[ 2014-03-31T12:56:06+08:00 ] 0.0.0.0 /Lms/index.php/Thome/select_student
INFO: [ app_begin ] --START--
INFO: ReadHtmlCache Behavior ::run [ RunTime:0.001000s ]
INFO: [ app_begin ] --END-- [ RunTime:0.001000s ]
SQL: SHOW COLUMNS FROM `user` [ RunTime:0.007001s ]
SQL: SELECT COUNT(*) AS tp_count FROM `user` WHERE ( status=0 ) LIMIT 1   [ RunTime:0.001000s ]
SQL: SELECT * FROM `user` WHERE ( status=0 ) LIMIT 0,10   [ RunTime:0.001000s ]

[ 2014-03-31T12:57:16+08:00 ] 0.0.0.0 /Lms/index.php/Thome/add_student
INFO: [ app_begin ] --START--
INFO: ReadHtmlCache Behavior ::run [ RunTime:0.001000s ]
INFO: [ app_begin ] --END-- [ RunTime:0.001000s ]
SQL: SHOW COLUMNS FROM `user` [ RunTime:0.008001s ]
SQL: SELECT * FROM `user` WHERE ( username=2011081161 )  [ RunTime:0.001000s ]
SQL: INSERT INTO `user` (`class`,`specialty`,`username`,`name`,`password`) VALUES ('','','2011081161','付晨','b5e93cc2830e1ab86c6e67e5962d0472') [ RunTime:0.086005s ]

[ 2014-03-31T12:57:33+08:00 ] 0.0.0.0 /Lms/index.php/Home/cancel
INFO: [ app_begin ] --START--
INFO: ReadHtmlCache Behavior ::run [ RunTime:0.002000s ]
INFO: [ app_begin ] --END-- [ RunTime:0.002000s ]
NOTIC: [8] Undefined index: username E:\xampp\htdocs\Lms\Home\Lib\Action\HomeAction.class.php 第 79 行.
NOTIC: [8] Undefined index: id E:\xampp\htdocs\Lms\Home\Lib\Action\HomeAction.class.php 第 79 行.
NOTIC: [8] Undefined index: name E:\xampp\htdocs\Lms\Home\Lib\Action\HomeAction.class.php 第 79 行.
NOTIC: [8] Undefined index: status E:\xampp\htdocs\Lms\Home\Lib\Action\HomeAction.class.php 第 79 行.

[ 2014-03-31T12:57:55+08:00 ] 0.0.0.0 /Lms/index.php/Index/login
INFO: [ app_begin ] --START--
INFO: ReadHtmlCache Behavior ::run [ RunTime:0.002001s ]
INFO: [ app_begin ] --END-- [ RunTime:0.002001s ]
SQL: SHOW COLUMNS FROM `user` [ RunTime:0.007000s ]
SQL: SELECT * FROM `user` WHERE ( `username` = '2011081161' ) AND ( `password` = 'b5e93cc2830e1ab86c6e67e5962d0472' ) AND ( `status` = 0 )  [ RunTime:0.001000s ]

[ 2014-03-31T12:57:58+08:00 ] 0.0.0.0 /Lms/index.php/Home/select_user
INFO: [ app_begin ] --START--
INFO: ReadHtmlCache Behavior ::run [ RunTime:0.001000s ]
INFO: [ app_begin ] --END-- [ RunTime:0.001000s ]
SQL: SHOW COLUMNS FROM `user` [ RunTime:0.006000s ]
SQL: SELECT * FROM `user` WHERE ( `username` = '2011081161' )  [ RunTime:0.001000s ]

[ 2014-03-31T12:58:10+08:00 ] 0.0.0.0 /Lms/index.php/Home/update_prifile
INFO: [ app_begin ] --START--
INFO: ReadHtmlCache Behavior ::run [ RunTime:0.001000s ]
INFO: [ app_begin ] --END-- [ RunTime:0.001000s ]
SQL: SHOW COLUMNS FROM `user` [ RunTime:0.005000s ]
SQL: UPDATE `user` SET `class`='4班',`specialty`='java' WHERE ( `username` = '2011081161' ) [ RunTime:0.130008s ]

[ 2014-03-31T12:59:22+08:00 ] 0.0.0.0 /Lms/index.php/Home/select_user
INFO: [ app_begin ] --START--
INFO: ReadHtmlCache Behavior ::run [ RunTime:0.001000s ]
INFO: [ app_begin ] --END-- [ RunTime:0.001000s ]
SQL: SHOW COLUMNS FROM `user` [ RunTime:0.008001s ]
SQL: SELECT * FROM `user` WHERE ( `username` = '2011081161' )  [ RunTime:0.001000s ]

[ 2014-03-31T12:59:30+08:00 ] 0.0.0.0 /Lms/index.php/Home/update_prifile
INFO: [ app_begin ] --START--
INFO: ReadHtmlCache Behavior ::run [ RunTime:0.001000s ]
INFO: [ app_begin ] --END-- [ RunTime:0.001000s ]
SQL: SHOW COLUMNS FROM `user` [ RunTime:0.008000s ]
SQL: UPDATE `user` SET `class`='软工4班',`specialty`='java' WHERE ( `username` = '2011081161' ) [ RunTime:0.070004s ]

[ 2014-03-31T12:59:54+08:00 ] 0.0.0.0 /Lms/index.php/Home/select_user
INFO: [ app_begin ] --START--
INFO: ReadHtmlCache Behavior ::run [ RunTime:0.001000s ]
INFO: [ app_begin ] --END-- [ RunTime:0.001000s ]
SQL: SHOW COLUMNS FROM `user` [ RunTime:0.006000s ]
SQL: SELECT * FROM `user` WHERE ( `username` = '2011081161' )  [ RunTime:0.001000s ]

[ 2014-03-31T12:59:58+08:00 ] 0.0.0.0 /Lms/index.php/Home/update_prifile
INFO: [ app_begin ] --START--
INFO: ReadHtmlCache Behavior ::run [ RunTime:0.002000s ]
INFO: [ app_begin ] --END-- [ RunTime:0.003000s ]
SQL: SHOW COLUMNS FROM `user` [ RunTime:0.007000s ]
SQL: UPDATE `user` SET `class`='4班',`specialty`='java' WHERE ( `username` = '2011081161' ) [ RunTime:0.079005s ]

[ 2014-03-31T13:02:03+08:00 ] 0.0.0.0 /Lms/index.php/Viewimp/day
INFO: [ app_begin ] --START--
INFO: ReadHtmlCache Behavior ::run [ RunTime:0.002000s ]
INFO: [ app_begin ] --END-- [ RunTime:0.002000s ]
SQL: SHOW COLUMNS FROM `file` [ RunTime:0.007001s ]
SQL: SELECT COUNT(*) AS tp_count FROM `file` LEFT JOIN user on file.fid=user.id WHERE ( `specialty` LIKE '%java%' ) ORDER BY file.id desc LIMIT 1   [ RunTime:0.001000s ]
SQL: SELECT user.id as uid,user.name,file.filetime,file.filename,user.username,file.impression,file.id,file.number FROM `file` LEFT JOIN user on file.fid=user.id WHERE ( `specialty` LIKE '%java%' ) ORDER BY file.id desc LIMIT 0,8   [ RunTime:0.004000s ]
SQL: SHOW COLUMNS FROM `comment` [ RunTime:0.005000s ]
SQL: SELECT `content`,`name` FROM `comment` WHERE ( 1=1 AND cid='14' )  [ RunTime:0.001001s ]
SQL: SELECT `content`,`name` FROM `comment` WHERE ( 1=1 AND cid='13' )  [ RunTime:0.001000s ]
SQL: SELECT `content`,`name` FROM `comment` WHERE ( 1=1 AND cid='12' )  [ RunTime:0.001000s ]
SQL: SELECT `content`,`name` FROM `comment` WHERE ( 1=1 AND cid='11' )  [ RunTime:0.001000s ]

[ 2014-03-31T13:17:56+08:00 ] 0.0.0.0 /Lms/index.php/Home/select_user
INFO: [ app_begin ] --START--
INFO: ReadHtmlCache Behavior ::run [ RunTime:0.003000s ]
INFO: [ app_begin ] --END-- [ RunTime:0.003000s ]
SQL: SHOW COLUMNS FROM `user` [ RunTime:0.006001s ]
SQL: SELECT * FROM `user` WHERE ( `username` = '2011081161' )  [ RunTime:0.001000s ]

[ 2014-03-31T13:18:01+08:00 ] 0.0.0.0 /Lms/index.php/Home/cancel
INFO: [ app_begin ] --START--
INFO: ReadHtmlCache Behavior ::run [ RunTime:0.001000s ]
INFO: [ app_begin ] --END-- [ RunTime:0.001000s ]
NOTIC: [8] Undefined index: username E:\xampp\htdocs\Lms\Home\Lib\Action\HomeAction.class.php 第 79 行.
NOTIC: [8] Undefined index: id E:\xampp\htdocs\Lms\Home\Lib\Action\HomeAction.class.php 第 79 行.
NOTIC: [8] Undefined index: name E:\xampp\htdocs\Lms\Home\Lib\Action\HomeAction.class.php 第 79 行.
NOTIC: [8] Undefined index: status E:\xampp\htdocs\Lms\Home\Lib\Action\HomeAction.class.php 第 79 行.

